CRITICAL - 2022-01-15 17:41:41 --> Class 'App\Models\PostModel' not found
#0 C:\Users\guilh\Desktop\arqci4\vendor\codeigniter4\framework\system\CodeIgniter.php(825): App\Controllers\Home->index()
#1 C:\Users\guilh\Desktop\arqci4\vendor\codeigniter4\framework\system\CodeIgniter.php(412): CodeIgniter\CodeIgniter->runController(Object(App\Controllers\Home))
#2 C:\Users\guilh\Desktop\arqci4\vendor\codeigniter4\framework\system\CodeIgniter.php(320): CodeIgniter\CodeIgniter->handleRequest(NULL, Object(Config\Cache), false)
#3 C:\Users\guilh\Desktop\arqci4\public\index.php(37): CodeIgniter\CodeIgniter->run()
#4 C:\Users\guilh\Desktop\arqci4\vendor\codeigniter4\framework\system\Commands\Server\rewrite.php(43): require_once('C:\\Users\\guilh\\...')
#5 {main}
CRITICAL - 2022-01-15 18:21:16 --> Call to undefined function word_limiter()
#0 C:\Users\guilh\Desktop\arqci4\vendor\codeigniter4\framework\system\View\View.php(210): include()
#1 C:\Users\guilh\Desktop\arqci4\vendor\codeigniter4\framework\system\View\View.php(213): CodeIgniter\View\View->CodeIgniter\View\{closure}()
#2 C:\Users\guilh\Desktop\arqci4\vendor\codeigniter4\framework\system\Common.php(1089): CodeIgniter\View\View->render('posts', Array, true)
#3 C:\Users\guilh\Desktop\arqci4\app\Controllers\Home.php(17): view('posts', Array)
#4 C:\Users\guilh\Desktop\arqci4\vendor\codeigniter4\framework\system\CodeIgniter.php(825): App\Controllers\Home->index()
#5 C:\Users\guilh\Desktop\arqci4\vendor\codeigniter4\framework\system\CodeIgniter.php(412): CodeIgniter\CodeIgniter->runController(Object(App\Controllers\Home))
#6 C:\Users\guilh\Desktop\arqci4\vendor\codeigniter4\framework\system\CodeIgniter.php(320): CodeIgniter\CodeIgniter->handleRequest(NULL, Object(Config\Cache), false)
#7 C:\Users\guilh\Desktop\arqci4\public\index.php(37): CodeIgniter\CodeIgniter->run()
#8 C:\Users\guilh\Desktop\arqci4\vendor\codeigniter4\framework\system\Commands\Server\rewrite.php(43): require_once('C:\\Users\\guilh\\...')
#9 {main}
CRITICAL - 2022-01-15 19:10:37 --> syntax error, unexpected ';', expecting ']'
#0 C:\Users\guilh\Desktop\arqci4\vendor\codeigniter4\framework\system\Router\Router.php(175): CodeIgniter\Router\Router->autoRoute('post/view/2')
#1 C:\Users\guilh\Desktop\arqci4\vendor\codeigniter4\framework\system\CodeIgniter.php(719): CodeIgniter\Router\Router->handle('post/view/2')
#2 C:\Users\guilh\Desktop\arqci4\vendor\codeigniter4\framework\system\CodeIgniter.php(361): CodeIgniter\CodeIgniter->tryToRouteIt(Object(CodeIgniter\Router\RouteCollection))
#3 C:\Users\guilh\Desktop\arqci4\vendor\codeigniter4\framework\system\CodeIgniter.php(320): CodeIgniter\CodeIgniter->handleRequest(NULL, Object(Config\Cache), false)
#4 C:\Users\guilh\Desktop\arqci4\public\index.php(37): CodeIgniter\CodeIgniter->run()
#5 C:\Users\guilh\Desktop\arqci4\vendor\codeigniter4\framework\system\Commands\Server\rewrite.php(43): require_once('C:\\Users\\guilh\\...')
#6 {main}
ERROR - 2022-01-15 19:40:51 --> Unknown column 'post_id' in 'where clause'
CRITICAL - 2022-01-15 19:40:51 --> Unknown column 'post_id' in 'where clause'
#0 C:\Users\guilh\Desktop\arqci4\vendor\codeigniter4\framework\system\Database\MySQLi\Connection.php(292): mysqli->query('SELECT *\nFROM `...', 0)
#1 C:\Users\guilh\Desktop\arqci4\vendor\codeigniter4\framework\system\Database\BaseConnection.php(670): CodeIgniter\Database\MySQLi\Connection->execute('SELECT *\nFROM `...')
#2 C:\Users\guilh\Desktop\arqci4\vendor\codeigniter4\framework\system\Database\BaseConnection.php(598): CodeIgniter\Database\BaseConnection->simpleQuery('SELECT *\nFROM `...')
#3 C:\Users\guilh\Desktop\arqci4\vendor\codeigniter4\framework\system\Database\BaseBuilder.php(1455): CodeIgniter\Database\BaseConnection->query('SELECT *\nFROM `...', Array, false)
#4 C:\Users\guilh\Desktop\arqci4\vendor\codeigniter4\framework\system\Model.php(183): CodeIgniter\Database\BaseBuilder->get()
#5 C:\Users\guilh\Desktop\arqci4\vendor\codeigniter4\framework\system\BaseModel.php(584): CodeIgniter\Model->doFindAll(0, 0)
#6 C:\Users\guilh\Desktop\arqci4\app\Controllers\Post.php(18): CodeIgniter\BaseModel->findAll()
#7 C:\Users\guilh\Desktop\arqci4\vendor\codeigniter4\framework\system\CodeIgniter.php(825): App\Controllers\Post->view('2')
#8 C:\Users\guilh\Desktop\arqci4\vendor\codeigniter4\framework\system\CodeIgniter.php(412): CodeIgniter\CodeIgniter->runController(Object(App\Controllers\Post))
#9 C:\Users\guilh\Desktop\arqci4\vendor\codeigniter4\framework\system\CodeIgniter.php(320): CodeIgniter\CodeIgniter->handleRequest(NULL, Object(Config\Cache), false)
#10 C:\Users\guilh\Desktop\arqci4\public\index.php(37): CodeIgniter\CodeIgniter->run()
#11 C:\Users\guilh\Desktop\arqci4\vendor\codeigniter4\framework\system\Commands\Server\rewrite.php(43): require_once('C:\\Users\\guilh\\...')
#12 {main}
ERROR - 2022-01-15 19:41:26 --> Unknown column 'created_ad' in 'order clause'
CRITICAL - 2022-01-15 19:41:26 --> Unknown column 'created_ad' in 'order clause'
#0 C:\Users\guilh\Desktop\arqci4\vendor\codeigniter4\framework\system\Database\MySQLi\Connection.php(292): mysqli->query('SELECT *\nFROM `...', 0)
#1 C:\Users\guilh\Desktop\arqci4\vendor\codeigniter4\framework\system\Database\BaseConnection.php(670): CodeIgniter\Database\MySQLi\Connection->execute('SELECT *\nFROM `...')
#2 C:\Users\guilh\Desktop\arqci4\vendor\codeigniter4\framework\system\Database\BaseConnection.php(598): CodeIgniter\Database\BaseConnection->simpleQuery('SELECT *\nFROM `...')
#3 C:\Users\guilh\Desktop\arqci4\vendor\codeigniter4\framework\system\Database\BaseBuilder.php(1455): CodeIgniter\Database\BaseConnection->query('SELECT *\nFROM `...', Array, false)
#4 C:\Users\guilh\Desktop\arqci4\vendor\codeigniter4\framework\system\Model.php(183): CodeIgniter\Database\BaseBuilder->get()
#5 C:\Users\guilh\Desktop\arqci4\vendor\codeigniter4\framework\system\BaseModel.php(584): CodeIgniter\Model->doFindAll(0, 0)
#6 C:\Users\guilh\Desktop\arqci4\app\Controllers\Post.php(18): CodeIgniter\BaseModel->findAll()
#7 C:\Users\guilh\Desktop\arqci4\vendor\codeigniter4\framework\system\CodeIgniter.php(825): App\Controllers\Post->view('2')
#8 C:\Users\guilh\Desktop\arqci4\vendor\codeigniter4\framework\system\CodeIgniter.php(412): CodeIgniter\CodeIgniter->runController(Object(App\Controllers\Post))
#9 C:\Users\guilh\Desktop\arqci4\vendor\codeigniter4\framework\system\CodeIgniter.php(320): CodeIgniter\CodeIgniter->handleRequest(NULL, Object(Config\Cache), false)
#10 C:\Users\guilh\Desktop\arqci4\public\index.php(37): CodeIgniter\CodeIgniter->run()
#11 C:\Users\guilh\Desktop\arqci4\vendor\codeigniter4\framework\system\Commands\Server\rewrite.php(43): require_once('C:\\Users\\guilh\\...')
#12 {main}
ERROR - 2022-01-15 19:43:26 --> Unknown column 'created_ad' in 'order clause'
CRITICAL - 2022-01-15 19:43:26 --> Unknown column 'created_ad' in 'order clause'
#0 C:\Users\guilh\Desktop\arqci4\vendor\codeigniter4\framework\system\Database\MySQLi\Connection.php(292): mysqli->query('SELECT *\nFROM `...', 0)
#1 C:\Users\guilh\Desktop\arqci4\vendor\codeigniter4\framework\system\Database\BaseConnection.php(670): CodeIgniter\Database\MySQLi\Connection->execute('SELECT *\nFROM `...')
#2 C:\Users\guilh\Desktop\arqci4\vendor\codeigniter4\framework\system\Database\BaseConnection.php(598): CodeIgniter\Database\BaseConnection->simpleQuery('SELECT *\nFROM `...')
#3 C:\Users\guilh\Desktop\arqci4\vendor\codeigniter4\framework\system\Database\BaseBuilder.php(1455): CodeIgniter\Database\BaseConnection->query('SELECT *\nFROM `...', Array, false)
#4 C:\Users\guilh\Desktop\arqci4\vendor\codeigniter4\framework\system\Model.php(183): CodeIgniter\Database\BaseBuilder->get()
#5 C:\Users\guilh\Desktop\arqci4\vendor\codeigniter4\framework\system\BaseModel.php(584): CodeIgniter\Model->doFindAll(0, 0)
#6 C:\Users\guilh\Desktop\arqci4\app\Controllers\Post.php(18): CodeIgniter\BaseModel->findAll()
#7 C:\Users\guilh\Desktop\arqci4\vendor\codeigniter4\framework\system\CodeIgniter.php(825): App\Controllers\Post->view('2')
#8 C:\Users\guilh\Desktop\arqci4\vendor\codeigniter4\framework\system\CodeIgniter.php(412): CodeIgniter\CodeIgniter->runController(Object(App\Controllers\Post))
#9 C:\Users\guilh\Desktop\arqci4\vendor\codeigniter4\framework\system\CodeIgniter.php(320): CodeIgniter\CodeIgniter->handleRequest(NULL, Object(Config\Cache), false)
#10 C:\Users\guilh\Desktop\arqci4\public\index.php(37): CodeIgniter\CodeIgniter->run()
#11 C:\Users\guilh\Desktop\arqci4\vendor\codeigniter4\framework\system\Commands\Server\rewrite.php(43): require_once('C:\\Users\\guilh\\...')
#12 {main}
ERROR - 2022-01-15 19:43:42 --> Unknown column 'created_ad' in 'order clause'
CRITICAL - 2022-01-15 19:43:42 --> Unknown column 'created_ad' in 'order clause'
#0 C:\Users\guilh\Desktop\arqci4\vendor\codeigniter4\framework\system\Database\MySQLi\Connection.php(292): mysqli->query('SELECT *\nFROM `...', 0)
#1 C:\Users\guilh\Desktop\arqci4\vendor\codeigniter4\framework\system\Database\BaseConnection.php(670): CodeIgniter\Database\MySQLi\Connection->execute('SELECT *\nFROM `...')
#2 C:\Users\guilh\Desktop\arqci4\vendor\codeigniter4\framework\system\Database\BaseConnection.php(598): CodeIgniter\Database\BaseConnection->simpleQuery('SELECT *\nFROM `...')
#3 C:\Users\guilh\Desktop\arqci4\vendor\codeigniter4\framework\system\Database\BaseBuilder.php(1455): CodeIgniter\Database\BaseConnection->query('SELECT *\nFROM `...', Array, false)
#4 C:\Users\guilh\Desktop\arqci4\vendor\codeigniter4\framework\system\Model.php(183): CodeIgniter\Database\BaseBuilder->get()
#5 C:\Users\guilh\Desktop\arqci4\vendor\codeigniter4\framework\system\BaseModel.php(584): CodeIgniter\Model->doFindAll(0, 0)
#6 C:\Users\guilh\Desktop\arqci4\app\Controllers\Post.php(18): CodeIgniter\BaseModel->findAll()
#7 C:\Users\guilh\Desktop\arqci4\vendor\codeigniter4\framework\system\CodeIgniter.php(825): App\Controllers\Post->view('2')
#8 C:\Users\guilh\Desktop\arqci4\vendor\codeigniter4\framework\system\CodeIgniter.php(412): CodeIgniter\CodeIgniter->runController(Object(App\Controllers\Post))
#9 C:\Users\guilh\Desktop\arqci4\vendor\codeigniter4\framework\system\CodeIgniter.php(320): CodeIgniter\CodeIgniter->handleRequest(NULL, Object(Config\Cache), false)
#10 C:\Users\guilh\Desktop\arqci4\public\index.php(37): CodeIgniter\CodeIgniter->run()
#11 C:\Users\guilh\Desktop\arqci4\vendor\codeigniter4\framework\system\Commands\Server\rewrite.php(43): require_once('C:\\Users\\guilh\\...')
#12 {main}
ERROR - 2022-01-15 19:43:47 --> Unknown column 'created_ad' in 'order clause'
CRITICAL - 2022-01-15 19:43:47 --> Unknown column 'created_ad' in 'order clause'
#0 C:\Users\guilh\Desktop\arqci4\vendor\codeigniter4\framework\system\Database\MySQLi\Connection.php(292): mysqli->query('SELECT *\nFROM `...', 0)
#1 C:\Users\guilh\Desktop\arqci4\vendor\codeigniter4\framework\system\Database\BaseConnection.php(670): CodeIgniter\Database\MySQLi\Connection->execute('SELECT *\nFROM `...')
#2 C:\Users\guilh\Desktop\arqci4\vendor\codeigniter4\framework\system\Database\BaseConnection.php(598): CodeIgniter\Database\BaseConnection->simpleQuery('SELECT *\nFROM `...')
#3 C:\Users\guilh\Desktop\arqci4\vendor\codeigniter4\framework\system\Database\BaseBuilder.php(1455): CodeIgniter\Database\BaseConnection->query('SELECT *\nFROM `...', Array, false)
#4 C:\Users\guilh\Desktop\arqci4\vendor\codeigniter4\framework\system\Model.php(183): CodeIgniter\Database\BaseBuilder->get()
#5 C:\Users\guilh\Desktop\arqci4\vendor\codeigniter4\framework\system\BaseModel.php(584): CodeIgniter\Model->doFindAll(0, 0)
#6 C:\Users\guilh\Desktop\arqci4\app\Controllers\Post.php(18): CodeIgniter\BaseModel->findAll()
#7 C:\Users\guilh\Desktop\arqci4\vendor\codeigniter4\framework\system\CodeIgniter.php(825): App\Controllers\Post->view('1')
#8 C:\Users\guilh\Desktop\arqci4\vendor\codeigniter4\framework\system\CodeIgniter.php(412): CodeIgniter\CodeIgniter->runController(Object(App\Controllers\Post))
#9 C:\Users\guilh\Desktop\arqci4\vendor\codeigniter4\framework\system\CodeIgniter.php(320): CodeIgniter\CodeIgniter->handleRequest(NULL, Object(Config\Cache), false)
#10 C:\Users\guilh\Desktop\arqci4\public\index.php(37): CodeIgniter\CodeIgniter->run()
#11 C:\Users\guilh\Desktop\arqci4\vendor\codeigniter4\framework\system\Commands\Server\rewrite.php(43): require_once('C:\\Users\\guilh\\...')
#12 {main}
ERROR - 2022-01-15 19:44:49 --> Unknown column 'created_ad' in 'order clause'
CRITICAL - 2022-01-15 19:44:49 --> Unknown column 'created_ad' in 'order clause'
#0 C:\Users\guilh\Desktop\arqci4\vendor\codeigniter4\framework\system\Database\MySQLi\Connection.php(292): mysqli->query('SELECT *\nFROM `...', 0)
#1 C:\Users\guilh\Desktop\arqci4\vendor\codeigniter4\framework\system\Database\BaseConnection.php(670): CodeIgniter\Database\MySQLi\Connection->execute('SELECT *\nFROM `...')
#2 C:\Users\guilh\Desktop\arqci4\vendor\codeigniter4\framework\system\Database\BaseConnection.php(598): CodeIgniter\Database\BaseConnection->simpleQuery('SELECT *\nFROM `...')
#3 C:\Users\guilh\Desktop\arqci4\vendor\codeigniter4\framework\system\Database\BaseBuilder.php(1455): CodeIgniter\Database\BaseConnection->query('SELECT *\nFROM `...', Array, false)
#4 C:\Users\guilh\Desktop\arqci4\vendor\codeigniter4\framework\system\Model.php(183): CodeIgniter\Database\BaseBuilder->get()
#5 C:\Users\guilh\Desktop\arqci4\vendor\codeigniter4\framework\system\BaseModel.php(584): CodeIgniter\Model->doFindAll(0, 0)
#6 C:\Users\guilh\Desktop\arqci4\app\Controllers\Post.php(18): CodeIgniter\BaseModel->findAll()
#7 C:\Users\guilh\Desktop\arqci4\vendor\codeigniter4\framework\system\CodeIgniter.php(825): App\Controllers\Post->view('2')
#8 C:\Users\guilh\Desktop\arqci4\vendor\codeigniter4\framework\system\CodeIgniter.php(412): CodeIgniter\CodeIgniter->runController(Object(App\Controllers\Post))
#9 C:\Users\guilh\Desktop\arqci4\vendor\codeigniter4\framework\system\CodeIgniter.php(320): CodeIgniter\CodeIgniter->handleRequest(NULL, Object(Config\Cache), false)
#10 C:\Users\guilh\Desktop\arqci4\public\index.php(37): CodeIgniter\CodeIgniter->run()
#11 C:\Users\guilh\Desktop\arqci4\vendor\codeigniter4\framework\system\Commands\Server\rewrite.php(43): require_once('C:\\Users\\guilh\\...')
#12 {main}
CRITICAL - 2022-01-15 20:18:03 --> Call to undefined function form_open()
#0 C:\Users\guilh\Desktop\arqci4\vendor\codeigniter4\framework\system\View\View.php(210): include()
#1 C:\Users\guilh\Desktop\arqci4\vendor\codeigniter4\framework\system\View\View.php(213): CodeIgniter\View\View->CodeIgniter\View\{closure}()
#2 C:\Users\guilh\Desktop\arqci4\vendor\codeigniter4\framework\system\Common.php(1089): CodeIgniter\View\View->render('post', Array, true)
#3 C:\Users\guilh\Desktop\arqci4\app\Controllers\Post.php(21): view('post', Array)
#4 C:\Users\guilh\Desktop\arqci4\vendor\codeigniter4\framework\system\CodeIgniter.php(825): App\Controllers\Post->view('2')
#5 C:\Users\guilh\Desktop\arqci4\vendor\codeigniter4\framework\system\CodeIgniter.php(412): CodeIgniter\CodeIgniter->runController(Object(App\Controllers\Post))
#6 C:\Users\guilh\Desktop\arqci4\vendor\codeigniter4\framework\system\CodeIgniter.php(320): CodeIgniter\CodeIgniter->handleRequest(NULL, Object(Config\Cache), false)
#7 C:\Users\guilh\Desktop\arqci4\public\index.php(37): CodeIgniter\CodeIgniter->run()
#8 C:\Users\guilh\Desktop\arqci4\vendor\codeigniter4\framework\system\Commands\Server\rewrite.php(43): require_once('C:\\Users\\guilh\\...')
#9 {main}
CRITICAL - 2022-01-15 20:18:35 --> Call to undefined function form_open()
#0 C:\Users\guilh\Desktop\arqci4\vendor\codeigniter4\framework\system\View\View.php(210): include()
#1 C:\Users\guilh\Desktop\arqci4\vendor\codeigniter4\framework\system\View\View.php(213): CodeIgniter\View\View->CodeIgniter\View\{closure}()
#2 C:\Users\guilh\Desktop\arqci4\vendor\codeigniter4\framework\system\Common.php(1089): CodeIgniter\View\View->render('post', Array, true)
#3 C:\Users\guilh\Desktop\arqci4\app\Controllers\Post.php(21): view('post', Array)
#4 C:\Users\guilh\Desktop\arqci4\vendor\codeigniter4\framework\system\CodeIgniter.php(825): App\Controllers\Post->view('2')
#5 C:\Users\guilh\Desktop\arqci4\vendor\codeigniter4\framework\system\CodeIgniter.php(412): CodeIgniter\CodeIgniter->runController(Object(App\Controllers\Post))
#6 C:\Users\guilh\Desktop\arqci4\vendor\codeigniter4\framework\system\CodeIgniter.php(320): CodeIgniter\CodeIgniter->handleRequest(NULL, Object(Config\Cache), false)
#7 C:\Users\guilh\Desktop\arqci4\public\index.php(37): CodeIgniter\CodeIgniter->run()
#8 C:\Users\guilh\Desktop\arqci4\vendor\codeigniter4\framework\system\Commands\Server\rewrite.php(43): require_once('C:\\Users\\guilh\\...')
#9 {main}
CRITICAL - 2022-01-15 20:20:04 --> Call to undefined function form_open()
#0 C:\Users\guilh\Desktop\arqci4\vendor\codeigniter4\framework\system\View\View.php(210): include()
#1 C:\Users\guilh\Desktop\arqci4\vendor\codeigniter4\framework\system\View\View.php(213): CodeIgniter\View\View->CodeIgniter\View\{closure}()
#2 C:\Users\guilh\Desktop\arqci4\vendor\codeigniter4\framework\system\Common.php(1089): CodeIgniter\View\View->render('post', Array, true)
#3 C:\Users\guilh\Desktop\arqci4\app\Controllers\Post.php(21): view('post', Array)
#4 C:\Users\guilh\Desktop\arqci4\vendor\codeigniter4\framework\system\CodeIgniter.php(825): App\Controllers\Post->view('2')
#5 C:\Users\guilh\Desktop\arqci4\vendor\codeigniter4\framework\system\CodeIgniter.php(412): CodeIgniter\CodeIgniter->runController(Object(App\Controllers\Post))
#6 C:\Users\guilh\Desktop\arqci4\vendor\codeigniter4\framework\system\CodeIgniter.php(320): CodeIgniter\CodeIgniter->handleRequest(NULL, Object(Config\Cache), false)
#7 C:\Users\guilh\Desktop\arqci4\public\index.php(37): CodeIgniter\CodeIgniter->run()
#8 C:\Users\guilh\Desktop\arqci4\vendor\codeigniter4\framework\system\Commands\Server\rewrite.php(43): require_once('C:\\Users\\guilh\\...')
#9 {main}
CRITICAL - 2022-01-15 20:58:13 --> Undefined constant 'App\Controllers'
#0 C:\Users\guilh\Desktop\arqci4\vendor\codeigniter4\framework\system\Router\Router.php(518): include_once()
#1 C:\Users\guilh\Desktop\arqci4\vendor\codeigniter4\framework\system\Router\Router.php(175): CodeIgniter\Router\Router->autoRoute('comentario/stor...')
#2 C:\Users\guilh\Desktop\arqci4\vendor\codeigniter4\framework\system\CodeIgniter.php(719): CodeIgniter\Router\Router->handle('comentario/stor...')
#3 C:\Users\guilh\Desktop\arqci4\vendor\codeigniter4\framework\system\CodeIgniter.php(361): CodeIgniter\CodeIgniter->tryToRouteIt(Object(CodeIgniter\Router\RouteCollection))
#4 C:\Users\guilh\Desktop\arqci4\vendor\codeigniter4\framework\system\CodeIgniter.php(320): CodeIgniter\CodeIgniter->handleRequest(NULL, Object(Config\Cache), false)
#5 C:\Users\guilh\Desktop\arqci4\public\index.php(37): CodeIgniter\CodeIgniter->run()
#6 C:\Users\guilh\Desktop\arqci4\vendor\codeigniter4\framework\system\Commands\Server\rewrite.php(43): require_once('C:\\Users\\guilh\\...')
#7 {main}
CRITICAL - 2022-01-15 20:59:29 --> Call to undefined function App\Controllers\ComentarioModel()
#0 C:\Users\guilh\Desktop\arqci4\vendor\codeigniter4\framework\system\CodeIgniter.php(825): App\Controllers\Comentario->store()
#1 C:\Users\guilh\Desktop\arqci4\vendor\codeigniter4\framework\system\CodeIgniter.php(412): CodeIgniter\CodeIgniter->runController(Object(App\Controllers\Comentario))
#2 C:\Users\guilh\Desktop\arqci4\vendor\codeigniter4\framework\system\CodeIgniter.php(320): CodeIgniter\CodeIgniter->handleRequest(NULL, Object(Config\Cache), false)
#3 C:\Users\guilh\Desktop\arqci4\public\index.php(37): CodeIgniter\CodeIgniter->run()
#4 C:\Users\guilh\Desktop\arqci4\vendor\codeigniter4\framework\system\Commands\Server\rewrite.php(43): require_once('C:\\Users\\guilh\\...')
#5 {main}
CRITICAL - 2022-01-15 21:00:08 --> Undefined index: id
#0 C:\Users\guilh\Desktop\arqci4\app\Controllers\Comentario.php(14): CodeIgniter\Debug\Exceptions->errorHandler(8, 'Undefined index...', 'C:\\Users\\guilh\\...', 14, Array)
#1 C:\Users\guilh\Desktop\arqci4\vendor\codeigniter4\framework\system\CodeIgniter.php(825): App\Controllers\Comentario->store()
#2 C:\Users\guilh\Desktop\arqci4\vendor\codeigniter4\framework\system\CodeIgniter.php(412): CodeIgniter\CodeIgniter->runController(Object(App\Controllers\Comentario))
#3 C:\Users\guilh\Desktop\arqci4\vendor\codeigniter4\framework\system\CodeIgniter.php(320): CodeIgniter\CodeIgniter->handleRequest(NULL, Object(Config\Cache), false)
#4 C:\Users\guilh\Desktop\arqci4\public\index.php(37): CodeIgniter\CodeIgniter->run()
#5 C:\Users\guilh\Desktop\arqci4\vendor\codeigniter4\framework\system\Commands\Server\rewrite.php(43): require_once('C:\\Users\\guilh\\...')
#6 {main}
